<?xml version="1.0" encoding="UTF-8"?>
<!-- Generated by org.testng.reporters.JUnitReportReporter -->
<testsuite skipped="0" hostname="Suneela-MBP.local" name="script.InValidLogin" tests="2" failures="0" timestamp="20 Aug 2021 14:21:33 GMT" time="28.733" errors="0">
  <testcase name="testInValidLogin" time="16.721" classname="script.InValidLogin"/>
  <testcase name="testInValidLogin" time="12.012" classname="script.InValidLogin"/>
</testsuite> <!-- script.InValidLogin -->
