<?xml version="1.0" encoding="UTF-8"?>
<!-- Generated by org.testng.reporters.JUnitReportReporter -->
<testsuite skipped="0" hostname="Suneela-MBP.local" name="script.InValidLogin" tests="1" failures="0" timestamp="19 Aug 2021 12:49:12 GMT" time="12.705" errors="0">
  <testcase name="testInValidLogin" time="12.705" classname="script.InValidLogin"/>
</testsuite> <!-- script.InValidLogin -->
