<?xml version="1.0" encoding="UTF-8"?>
<!-- Generated by org.testng.reporters.JUnitReportReporter -->
<testsuite skipped="0" hostname="Suneela-MBP.local" name="script.ValidLogin" tests="2" failures="0" timestamp="20 Aug 2021 14:21:33 GMT" time="34.218" errors="0">
  <testcase name="testValidLogin" time="16.248" classname="script.ValidLogin"/>
  <testcase name="testValidLogin" time="17.970" classname="script.ValidLogin"/>
</testsuite> <!-- script.ValidLogin -->
